{"name": "test_get_post", "status": "failed", "statusDetails": {"message": "AssertionError: assert 404 == 200\n +  where 404 = <Response [404]>.status_code", "trace": "self = <test_api_example.TestAPI object at 0x10c6f5450>\n\n    def test_get_post(self):\n        logger.info(\"Running API test - Get Post\")\n        response = self.get(\"/posts/1\")\n>       assert response.status_code == 200\nE       assert 404 == 200\nE        +  where 404 = <Response [404]>.status_code\n\ntests/api/test_api_example.py:13: AssertionError"}, "attachments": [{"name": "log", "source": "bcbf52ad-251e-4a5f-b58d-6f4b806e04df-attachment.txt", "type": "text/plain"}], "start": 1762175685829, "stop": 1762175688093, "uuid": "2cc4f068-7628-4858-a959-60ebc1819f11", "historyId": "7904ad9f1f0a4f2b96e44490f36c891c", "testCaseId": "7904ad9f1f0a4f2b96e44490f36c891c", "fullName": "tests.api.test_api_example.TestAPI#test_get_post", "labels": [{"name": "tag", "value": "api"}, {"name": "parentSuite", "value": "tests.api"}, {"name": "suite", "value": "test_api_example"}, {"name": "subSuite", "value": "TestAPI"}, {"name": "host", "value": "PAR-T375XMXXG1.local"}, {"name": "thread", "value": "36934-MainThread"}, {"name": "framework", "value": "pytest"}, {"name": "language", "value": "cpython3"}, {"name": "package", "value": "tests.api.test_api_example"}], "titlePath": ["tests", "api", "test_api_example.py", "TestAPI"]}