{"name": "test_get_post", "status": "failed", "statusDetails": {"message": "AssertionError: assert 404 == 200\n +  where 404 = <Response [404]>.status_code", "trace": "self = <test_api_example.TestAPI object at 0x10e74d810>\n\n    def test_get_post(self):\n        logger.info(\"Running API test - Get Post\")\n        response = self.get(\"/posts/1\")\n>       assert response.status_code == 200\nE       assert 404 == 200\nE        +  where 404 = <Response [404]>.status_code\n\ntests/api/test_api_example.py:13: AssertionError"}, "attachments": [{"name": "log", "source": "fb29d076-e837-45c0-9b0f-95718badc33e-attachment.txt", "type": "text/plain"}], "start": 1762175636268, "stop": 1762175637454, "uuid": "bb1c357a-5301-4987-ab96-d99932ad46b1", "historyId": "7904ad9f1f0a4f2b96e44490f36c891c", "testCaseId": "7904ad9f1f0a4f2b96e44490f36c891c", "fullName": "tests.api.test_api_example.TestAPI#test_get_post", "labels": [{"name": "tag", "value": "api"}, {"name": "parentSuite", "value": "tests.api"}, {"name": "suite", "value": "test_api_example"}, {"name": "subSuite", "value": "TestAPI"}, {"name": "host", "value": "PAR-T375XMXXG1.local"}, {"name": "thread", "value": "36866-MainThread"}, {"name": "framework", "value": "pytest"}, {"name": "language", "value": "cpython3"}, {"name": "package", "value": "tests.api.test_api_example"}], "titlePath": ["tests", "api", "test_api_example.py", "TestAPI"]}