{"name": "test_get_post", "status": "failed", "statusDetails": {"message": "AssertionError: assert 404 == 200\n +  where 404 = <Response [404]>.status_code", "trace": "self = <test_api_example.TestAPI object at 0x110585f90>\n\n    def test_get_post(self):\n        logger.info(\"Running API test - Get Post\")\n        logger.info(f\"Base URL: {self.base_url}\")\n        response = self.get(\"/posts/1\")\n        logger.info(f\"Response URL: {response.url}\")\n        logger.info(f\"Response Status: {response.status_code}\")\n>       assert response.status_code == 200\nE       assert 404 == 200\nE        +  where 404 = <Response [404]>.status_code\n\ntests/api/test_api_example.py:16: AssertionError"}, "attachments": [{"name": "log", "source": "f0d15675-c36f-4f29-9259-05450af20992-attachment.txt", "type": "text/plain"}], "start": 1762175700064, "stop": 1762175700574, "uuid": "1cd90734-8180-4ce7-aeed-33bc092b8e4f", "historyId": "7904ad9f1f0a4f2b96e44490f36c891c", "testCaseId": "7904ad9f1f0a4f2b96e44490f36c891c", "fullName": "tests.api.test_api_example.TestAPI#test_get_post", "labels": [{"name": "tag", "value": "api"}, {"name": "parentSuite", "value": "tests.api"}, {"name": "suite", "value": "test_api_example"}, {"name": "subSuite", "value": "TestAPI"}, {"name": "host", "value": "PAR-T375XMXXG1.local"}, {"name": "thread", "value": "36965-MainThread"}, {"name": "framework", "value": "pytest"}, {"name": "language", "value": "cpython3"}, {"name": "package", "value": "tests.api.test_api_example"}], "titlePath": ["tests", "api", "test_api_example.py", "TestAPI"]}